<?xml version="1.0" encoding="UTF-8"?>
<testng-results ignored="0" total="1" passed="1" failed="0" skipped="0">
  <reporter-output>
  </reporter-output>
  <suite started-at="2021-10-16T15:51:15Z" name="Default suite" finished-at="2021-10-16T15:51:25Z" duration-ms="9904">
    <groups>
    </groups>
    <test started-at="2021-10-16T15:51:15Z" name="Default test" finished-at="2021-10-16T15:51:25Z" duration-ms="9904">
      <class name="NewTest.NewTest">
        <test-method signature="f()[pri:0, instance:NewTest.NewTest@78aa1f72]" started-at="2021-10-16T10:51:15Z" name="f" finished-at="2021-10-16T10:51:25Z" duration-ms="9848" status="PASS">
          <reporter-output>
          </reporter-output>
        </test-method> <!-- f -->
      </class> <!-- NewTest.NewTest -->
    </test> <!-- Default test -->
  </suite> <!-- Default suite -->
</testng-results>
